# JRE version: Java(TM) SE Runtime Environment (21.0.5+9) (build 21.0.5+9-LTS-239)
# Java VM: Java HotSpot(TM) 64-Bit Server VM (21.0.5+9-LTS-239, mixed mode, sharing, tiered, compressed oops, compressed class ptrs, g1 gc, bsd-aarch64)
Heap:
 garbage-first heap   total 110592K, used 65607K [0x00000006e0000000, 0x0000000800000000)
  region size 4096K, 11 young (45056K), 1 survivors (4096K)
 Metaspace       used 66469K, committed 67200K, reserved 1114112K
  class space    used 8974K, committed 9280K, reserved 1048576K
GC Heap History (20 events):
Event: 0.180 GC heap before
{Heap before GC invocations=0 (full 0):
 garbage-first heap   total 299008K, used 17451K [0x00000006e0000000, 0x0000000800000000)
  region size 4096K, 5 young (20480K), 0 survivors (0K)
 Metaspace       used 5668K, committed 5824K, reserved 1114112K
  class space    used 638K, committed 704K, reserved 1048576K
}
Event: 0.182 GC heap after
{Heap after GC invocations=1 (full 0):
 garbage-first heap   total 299008K, used 7298K [0x00000006e0000000, 0x0000000800000000)
  region size 4096K, 1 young (4096K), 1 survivors (4096K)
 Metaspace       used 5668K, committed 5824K, reserved 1114112K
  class space    used 638K, committed 704K, reserved 1048576K
}
Event: 0.278 GC heap before
{Heap before GC invocations=1 (full 0):
 garbage-first heap   total 299008K, used 19586K [0x00000006e0000000, 0x0000000800000000)
  region size 4096K, 5 young (20480K), 1 survivors (4096K)
 Metaspace       used 9848K, committed 10112K, reserved 1114112K
  class space    used 1240K, committed 1344K, reserved 1048576K
}
Event: 0.279 GC heap after
{Heap after GC invocations=2 (full 0):
 garbage-first heap   total 299008K, used 8831K [0x00000006e0000000, 0x0000000800000000)
  region size 4096K, 1 young (4096K), 1 survivors (4096K)
 Metaspace       used 9848K, committed 10112K, reserved 1114112K
  class space    used 1240K, committed 1344K, reserved 1048576K
}
Event: 0.403 GC heap before
{Heap before GC invocations=2 (full 0):
 garbage-first heap   total 299008K, used 49791K [0x00000006e0000000, 0x0000000800000000)
  region size 4096K, 11 young (45056K), 1 survivors (4096K)
 Metaspace       used 19334K, committed 19584K, reserved 1114112K
  class space    used 2443K, committed 2560K, reserved 1048576K
}
Event: 0.404 GC heap after
{Heap after GC invocations=3 (full 0):
 garbage-first heap   total 299008K, used 12173K [0x00000006e0000000, 0x0000000800000000)
  region size 4096K, 2 young (8192K), 2 survivors (8192K)
 Metaspace       used 19334K, committed 19584K, reserved 1114112K
  class space    used 2443K, committed 2560K, reserved 1048576K
}
Event: 0.448 GC heap before
{Heap before GC invocations=3 (full 0):
 garbage-first heap   total 299008K, used 20365K [0x00000006e0000000, 0x0000000800000000)
  region size 4096K, 5 young (20480K), 2 survivors (8192K)
 Metaspace       used 21247K, committed 21504K, reserved 1114112K
  class space    used 2683K, committed 2816K, reserved 1048576K
}
Event: 0.450 GC heap after
{Heap after GC invocations=4 (full 0):
 garbage-first heap   total 299008K, used 14146K [0x00000006e0000000, 0x0000000800000000)
  region size 4096K, 2 young (8192K), 2 survivors (8192K)
 Metaspace       used 21247K, committed 21504K, reserved 1114112K
  class space    used 2683K, committed 2816K, reserved 1048576K
}
Event: 0.861 GC heap before
{Heap before GC invocations=5 (full 0):
 garbage-first heap   total 81920K, used 75586K [0x00000006e0000000, 0x0000000800000000)
  region size 4096K, 17 young (69632K), 2 survivors (8192K)
 Metaspace       used 32256K, committed 32832K, reserved 1114112K
  class space    used 4140K, committed 4416K, reserved 1048576K
}
Event: 0.864 GC heap after
{Heap after GC invocations=6 (full 0):
 garbage-first heap   total 94208K, used 18947K [0x00000006e0000000, 0x0000000800000000)
  region size 4096K, 3 young (12288K), 3 survivors (12288K)
 Metaspace       used 32256K, committed 32832K, reserved 1114112K
  class space    used 4140K, committed 4416K, reserved 1048576K
}
Event: 0.931 GC heap before
{Heap before GC invocations=6 (full 0):
 garbage-first heap   total 94208K, used 27139K [0x00000006e0000000, 0x0000000800000000)
  region size 4096K, 6 young (24576K), 3 survivors (12288K)
 Metaspace       used 35443K, committed 35968K, reserved 1114112K
  class space    used 4626K, committed 4864K, reserved 1048576K
}
Event: 0.935 GC heap after
{Heap after GC invocations=7 (full 0):
 garbage-first heap   total 94208K, used 20784K [0x00000006e0000000, 0x0000000800000000)
  region size 4096K, 1 young (4096K), 1 survivors (4096K)
 Metaspace       used 35443K, committed 35968K, reserved 1114112K
  class space    used 4626K, committed 4864K, reserved 1048576K
}
Event: 0.939 GC heap before
{Heap before GC invocations=7 (full 0):
 garbage-first heap   total 94208K, used 20784K [0x00000006e0000000, 0x0000000800000000)
  region size 4096K, 2 young (8192K), 1 survivors (4096K)
 Metaspace       used 35767K, committed 36288K, reserved 1114112K
  class space    used 4669K, committed 4928K, reserved 1048576K
}
Event: 0.940 GC heap after
{Heap after GC invocations=8 (full 0):
 garbage-first heap   total 118784K, used 19532K [0x00000006e0000000, 0x0000000800000000)
  region size 4096K, 1 young (4096K), 1 survivors (4096K)
 Metaspace       used 35767K, committed 36288K, reserved 1114112K
  class space    used 4669K, committed 4928K, reserved 1048576K
}
Event: 1.336 GC heap before
{Heap before GC invocations=9 (full 0):
 garbage-first heap   total 110592K, used 80972K [0x00000006e0000000, 0x0000000800000000)
  region size 4096K, 17 young (69632K), 1 survivors (4096K)
 Metaspace       used 55411K, committed 56064K, reserved 1114112K
  class space    used 7507K, committed 7808K, reserved 1048576K
}
Event: 1.338 GC heap after
{Heap after GC invocations=10 (full 0):
 garbage-first heap   total 110592K, used 23169K [0x00000006e0000000, 0x0000000800000000)
  region size 4096K, 2 young (8192K), 2 survivors (8192K)
 Metaspace       used 55411K, committed 56064K, reserved 1114112K
  class space    used 7507K, committed 7808K, reserved 1048576K
}
Event: 1.457 GC heap before
{Heap before GC invocations=10 (full 0):
 garbage-first heap   total 110592K, used 43649K [0x00000006e0000000, 0x0000000800000000)
  region size 4096K, 8 young (32768K), 2 survivors (8192K)
 Metaspace       used 60381K, committed 60928K, reserved 1114112K
  class space    used 8134K, committed 8384K, reserved 1048576K
}
Event: 1.459 GC heap after
{Heap after GC invocations=11 (full 0):
 garbage-first heap   total 110592K, used 25171K [0x00000006e0000000, 0x0000000800000000)
  region size 4096K, 2 young (8192K), 2 survivors (8192K)
 Metaspace       used 60381K, committed 60928K, reserved 1114112K
  class space    used 8134K, committed 8384K, reserved 1048576K
}
Event: 1.468 GC heap before
{Heap before GC invocations=11 (full 0):
 garbage-first heap   total 110592K, used 25171K [0x00000006e0000000, 0x0000000800000000)
  region size 4096K, 3 young (12288K), 2 survivors (8192K)
 Metaspace       used 60624K, committed 61248K, reserved 1114112K
  class space    used 8163K, committed 8384K, reserved 1048576K
}
Event: 1.469 GC heap after
{Heap after GC invocations=12 (full 0):
 garbage-first heap   total 110592K, used 25285K [0x00000006e0000000, 0x0000000800000000)
  region size 4096K, 1 young (4096K), 1 survivors (4096K)
 Metaspace       used 60624K, committed 61248K, reserved 1114112K
  class space    used 8163K, committed 8384K, reserved 1048576K
}

